<?xml version="1.0" encoding="UTF-8"?>
<!-- Generated by org.testng.reporters.JUnitXMLReporter -->
<testsuite hostname="shashi" ignored="0" name="Command line test" tests="7" failures="0" timestamp="06 Mar 2020 08:30:59 GMT" time="0.187" errors="0">
  <testcase name="DeleteTwitter" time="0.047" classname="com.shashi1.APITest"/>
  <testcase name="PostJira" time="0.015" classname="com.shashi1.APITest"/>
  <testcase name="IOSAPP" time="0.0" classname="com.shashi1.AppiumTest"/>
  <testcase name="NativeAPAndroid" time="0.016" classname="com.shashi1.AppiumTest"/>
  <testcase name="BrowserAutomation" time="0.0" classname="com.shashi1.SeleniumTest"/>
  <testcase name="ElementUI" time="0.0" classname="com.shashi1.SeleniumTest"/>
  <testcase name="testMethod" time="0.015" classname="com.shashi1.seleniumTests.TestClass"/>
</testsuite> <!-- Command line test -->
