<?xml version="1.0" encoding="UTF-8"?>
<testng-results skipped="0" failed="0" ignored="1" total="2" passed="1">
  <reporter-output>
  </reporter-output>
  <suite name="Suite" duration-ms="63" started-at="2020-03-05T18:01:56Z" finished-at="2020-03-05T18:01:56Z">
    <groups>
    </groups>
    <test name="Test" duration-ms="63" started-at="2020-03-05T18:01:56Z" finished-at="2020-03-05T18:01:56Z">
      <class name="com.shashi1.APITest">
        <test-method status="PASS" signature="PostJira()[pri:0, instance:com.shashi1.APITest@402a079c]" name="PostJira" duration-ms="32" started-at="2020-03-05T23:31:56Z" finished-at="2020-03-05T23:31:56Z">
          <reporter-output>
          </reporter-output>
        </test-method> <!-- PostJira -->
      </class> <!-- com.shashi1.APITest -->
    </test> <!-- Test -->
  </suite> <!-- Suite -->
</testng-results>
